<?xml version="1.0" encoding="UTF-8"?>
<testng-results ignored="0" total="1" passed="1" failed="0" skipped="0">
  <reporter-output>
  </reporter-output>
  <suite started-at="2025-09-21T16:30:07 IST" name="Suite" finished-at="2025-09-21T16:30:09 IST" duration-ms="1935">
    <groups>
    </groups>
    <test started-at="2025-09-21T16:30:07 IST" name="Test" finished-at="2025-09-21T16:30:09 IST" duration-ms="1935">
      <class name="tests.LoginTest">
        <test-method signature="Login()[pri:0, instance:tests.LoginTest@132ddbab]" started-at="2025-09-21T16:30:07 IST" name="Login" finished-at="2025-09-21T16:30:09 IST" duration-ms="1845" status="PASS">
          <reporter-output>
          </reporter-output>
        </test-method> <!-- Login -->
      </class> <!-- tests.LoginTest -->
    </test> <!-- Test -->
  </suite> <!-- Suite -->
</testng-results>
